<?xml version="1.0" encoding="UTF-8"?>
<!-- Generated by org.testng.reporters.JUnitReportReporter -->
<testsuite hostname="DESKTOP-J4SRGEC" failures="0" tests="7" name="CryptocurrencyWallet.CryptocurrencyWallet" time="11.920" errors="0" timestamp="2024-07-15T15:58:53 IST" skipped="0">
  <testcase classname="CryptocurrencyWallet.CryptocurrencyWallet" name="Calculatetransactionfeesandreturnestimatedcostt" time="5.452"/>
  <system-out/>
  <testcase classname="CryptocurrencyWallet.CryptocurrencyWallet" name="Getanobjectwithallavailablecurrencyexchangerates" time="1.263"/>
  <system-out/>
  <testcase classname="CryptocurrencyWallet.CryptocurrencyWallet" name="List_all_the_transactions_done_bytheuser" time="1.235"/>
  <system-out/>
  <testcase classname="CryptocurrencyWallet.CryptocurrencyWallet" name="Registerauserandcreatehis_herwallet" time="1.015"/>
  <system-out/>
  <testcase classname="CryptocurrencyWallet.CryptocurrencyWallet" name="Retrieve_the_wallet_balance" time="0.974"/>
  <system-out/>
  <testcase classname="CryptocurrencyWallet.CryptocurrencyWallet" name="Login_the_userandgenerate_session_token" time="0.998"/>
  <system-out/>
  <testcase classname="CryptocurrencyWallet.CryptocurrencyWallet" name="Transfer5ETHtoarecipient" time="0.983"/>
  <system-out/>
</testsuite> <!-- CryptocurrencyWallet.CryptocurrencyWallet -->
